<?xml version="1.0" encoding="UTF-8"?>
<!-- Generated by org.testng.reporters.JUnitReportReporter -->
<testsuite hostname="LAPTOP-MB120P1M" failures="0" tests="1" name="com.mindtree.TestCases.TC_FeesAndPayment" time="2.127" errors="0" timestamp="2022-06-04T11:37:51 IST" skipped="0">
  <testcase classname="com.mindtree.TestCases.TC_FeesAndPayment" name="aboutUs" time="2.127"/>
  <system-out/>
</testsuite> <!-- com.mindtree.TestCases.TC_FeesAndPayment -->
