<?xml version="1.0" encoding="UTF-8"?>
<!-- Generated by org.testng.reporters.JUnitReportReporter -->
<testsuite hostname="LAPTOP-MB120P1M" failures="0" tests="1" name="com.mindtree.TestCases.TC_HomePage" time="3.711" errors="0" timestamp="2022-06-03T14:20:05 IST" skipped="0">
  <testcase classname="com.mindtree.TestCases.TC_HomePage" name="homePage" time="3.711"/>
  <system-out/>
</testsuite> <!-- com.mindtree.TestCases.TC_HomePage -->
