<?xml version="1.0" encoding="UTF-8"?>
<!-- Generated by org.testng.reporters.JUnitReportReporter -->
<testsuite hostname="LAPTOP-MB120P1M" failures="0" tests="1" name="com.mindtree.TestCases.TC_Search" time="3.245" errors="0" timestamp="2022-06-03T16:33:32 IST" skipped="0">
  <testcase classname="com.mindtree.TestCases.TC_Search" name="search" time="3.245"/>
  <system-out/>
</testsuite> <!-- com.mindtree.TestCases.TC_Search -->
